{
  "stats": {
    "suites": 1,
    "tests": 5,
    "passes": 5,
    "pending": 0,
    "failures": 0,
    "start": "2024-05-01T07:08:31.708Z",
    "end": "2024-05-01T07:08:31.793Z",
    "duration": 85,
    "testsRegistered": 5,
    "passPercent": 100,
    "pendingPercent": 0,
    "other": 0,
    "hasOther": false,
    "skipped": 0,
    "hasSkipped": false
  },
  "results": [
    {
      "uuid": "04991302-e8e7-4bec-ac3c-524b0b9129a0",
      "title": "",
      "fullFile": "D:\\sigmaka\\prodemy\\Day9\\supertest\\apalah\\index.test.js",
      "file": "\\apalah\\index.test.js",
      "beforeHooks": [],
      "afterHooks": [],
      "tests": [],
      "suites": [
        {
          "uuid": "34c3ad48-ebb7-4482-8b68-11d72ab1ad9a",
          "title": "Product API Test",
          "fullFile": "D:\\sigmaka\\prodemy\\Day9\\supertest\\apalah\\index.test.js",
          "file": "\\apalah\\index.test.js",
          "beforeHooks": [],
          "afterHooks": [],
          "tests": [
            {
              "title": "should successfully create a product",
              "fullTitle": "Product API Test should successfully create a product",
              "timedOut": false,
              "duration": 61,
              "state": "passed",
              "speed": "medium",
              "pass": true,
              "fail": false,
              "pending": false,
              "context": null,
              "code": "request(url)\n    .post('/products/add')\n    .send(product)\n    .end(function(err, res){\n        expect(res.statusCode).to.be.equal(200);\n        expect(res.body.id).not.to.be.null;\n        // expect(res.body.product.title).to.be.equal(product.title);\n        // expect(res.body.product.description).to.be.equal(product.description);\n        // expect(res.body.product.price).to.be.equal(product.price);\n        // expect(res.body.product.discountPercentage).to.be.equal(product.discountPercentage);\n        if (err) {\n            throw err;\n        }\n    });",
              "err": {},
              "uuid": "d873d381-47e8-488a-acb7-e8fcfcdb853e",
              "parentUUID": "34c3ad48-ebb7-4482-8b68-11d72ab1ad9a",
              "isHook": false,
              "skipped": false
            },
            {
              "title": "should successfully get a product",
              "fullTitle": "Product API Test should successfully get a product",
              "timedOut": false,
              "duration": 1,
              "state": "passed",
              "speed": "fast",
              "pass": true,
              "fail": false,
              "pending": false,
              "context": null,
              "code": "request(url)\n    .get('/products/' + id)\n    .end(function(err) {\n        expect(200)\n        if (err) throw err;\n    });",
              "err": {},
              "uuid": "353432c7-fc40-4a82-9a0c-eb60b8c61038",
              "parentUUID": "34c3ad48-ebb7-4482-8b68-11d72ab1ad9a",
              "isHook": false,
              "skipped": false
            },
            {
              "title": "should successfully get all products",
              "fullTitle": "Product API Test should successfully get all products",
              "timedOut": false,
              "duration": 1,
              "state": "passed",
              "speed": "fast",
              "pass": true,
              "fail": false,
              "pending": false,
              "context": null,
              "code": "request(url)\n    .get('/products/')\n    .end(function(err, res) {\n        if (err) throw err;\n        expect(res.body).to.be.jsonSchema(product);  \n    });",
              "err": {},
              "uuid": "1168599f-536a-47b5-aefe-9f567324cace",
              "parentUUID": "34c3ad48-ebb7-4482-8b68-11d72ab1ad9a",
              "isHook": false,
              "skipped": false
            },
            {
              "title": "should successfully get all product categories",
              "fullTitle": "Product API Test should successfully get all product categories",
              "timedOut": false,
              "duration": 1,
              "state": "passed",
              "speed": "fast",
              "pass": true,
              "fail": false,
              "pending": false,
              "context": null,
              "code": "request(url)\n    .get('/products/categories')\n    .end(function(err){\n        if (err) throw err;\n    })",
              "err": {},
              "uuid": "f08687d4-f659-4025-b17c-e9f15c6187e1",
              "parentUUID": "34c3ad48-ebb7-4482-8b68-11d72ab1ad9a",
              "isHook": false,
              "skipped": false
            },
            {
              "title": "should successfully delete a product",
              "fullTitle": "Product API Test should successfully delete a product",
              "timedOut": false,
              "duration": 1,
              "state": "passed",
              "speed": "fast",
              "pass": true,
              "fail": false,
              "pending": false,
              "context": null,
              "code": "request(url)\n    .delete('/products/'+ id)\n    .end(function(err){\n        if (err) throw err;\n    })",
              "err": {},
              "uuid": "f097399c-445f-40fb-be55-f3d815dcc644",
              "parentUUID": "34c3ad48-ebb7-4482-8b68-11d72ab1ad9a",
              "isHook": false,
              "skipped": false
            }
          ],
          "suites": [],
          "passes": [
            "d873d381-47e8-488a-acb7-e8fcfcdb853e",
            "353432c7-fc40-4a82-9a0c-eb60b8c61038",
            "1168599f-536a-47b5-aefe-9f567324cace",
            "f08687d4-f659-4025-b17c-e9f15c6187e1",
            "f097399c-445f-40fb-be55-f3d815dcc644"
          ],
          "failures": [],
          "pending": [],
          "skipped": [],
          "duration": 65,
          "root": false,
          "rootEmpty": false,
          "_timeout": 2000
        }
      ],
      "passes": [],
      "failures": [],
      "pending": [],
      "skipped": [],
      "duration": 0,
      "root": true,
      "rootEmpty": true,
      "_timeout": 2000
    }
  ],
  "meta": {
    "mocha": {
      "version": "10.4.0"
    },
    "mochawesome": {
      "options": {
        "quiet": false,
        "reportFilename": "mochawesome",
        "saveHtml": true,
        "saveJson": true,
        "consoleReporter": "spec",
        "useInlineDiffs": false,
        "code": true
      },
      "version": "7.1.3"
    },
    "marge": {
      "options": null,
      "version": "6.2.0"
    }
  }
}